<?xml version="1.0" encoding="UTF-8"?>
<!-- Generated by org.testng.reporters.JUnitReportReporter -->
<testsuite hostname="kriti" failures="0" tests="1" name="JobOffersTestCases.JobDomainTypeTestCase" time="41.297" errors="0" timestamp="7 Oct 2022 20:53:18 GMT">
  <testcase classname="JobOffersTestCases.JobDomainTypeTestCase" name="loginApp" time="41.297"/>
</testsuite> <!-- JobOffersTestCases.JobDomainTypeTestCase -->
