<?xml version="1.0" encoding="UTF-8"?>
<!-- Generated by org.testng.reporters.JUnitReportReporter -->
<testsuite hostname="kriti" failures="0" tests="1" name="JobOffersTestCases.ResultsFullPartTimeTickCheckboxes" time="10.922" errors="0" timestamp="6 Oct 2022 21:23:04 GMT">
  <testcase classname="JobOffersTestCases.ResultsFullPartTimeTickCheckboxes" name="loginApp" time="10.922"/>
</testsuite> <!-- JobOffersTestCases.ResultsFullPartTimeTickCheckboxes -->
