<?xml version="1.0" encoding="UTF-8"?>
<!-- Generated by org.testng.reporters.JUnitReportReporter -->
<testsuite hostname="kriti" failures="0" tests="1" name="ConsultingTestCases.ConsultingFormValidation" time="12.138" errors="0" timestamp="2022-10-06T04:19:14 IST" skipped="0">
  <testcase classname="ConsultingTestCases.ConsultingFormValidation" name="loginApp" time="12.138"/>
  <system-out/>
</testsuite> <!-- ConsultingTestCases.ConsultingFormValidation -->
