<?xml version="1.0" encoding="UTF-8"?>
<!-- Generated by org.testng.reporters.JUnitReportReporter -->
<testsuite hostname="kriti" failures="0" tests="1" name="ConsultingTestCases.MatchTextOfWeb" time="1.562" errors="0" timestamp="2022-10-06T03:33:50 IST" skipped="0">
  <testcase classname="ConsultingTestCases.MatchTextOfWeb" name="loginApp" time="1.562"/>
  <system-out/>
</testsuite> <!-- ConsultingTestCases.MatchTextOfWeb -->
