<?xml version="1.0" encoding="UTF-8"?>
<!-- Generated by org.testng.reporters.JUnitReportReporter -->
<testsuite hostname="kriti" failures="0" tests="1" name="full_parttimeJobOffers" time="14.548" errors="0" timestamp="2022-10-06T22:38:08 IST" skipped="0">
  <testcase classname="full_parttimeJobOffers" name="verifyemp" time="14.548"/>
  <system-out/>
</testsuite> <!-- full_parttimeJobOffers -->
