<?xml version="1.0" encoding="UTF-8"?>
<!-- Generated by org.testng.reporters.JUnitReportReporter -->
<testsuite hostname="kriti" failures="0" tests="1" name="jobofferstitleMatchedwithcheckedboxText" time="58.133" errors="0" timestamp="2022-10-08T02:03:30 IST" skipped="0">
  <testcase classname="jobofferstitleMatchedwithcheckedboxText" name="match" time="58.133"/>
  <system-out/>
</testsuite> <!-- jobofferstitleMatchedwithcheckedboxText -->
