<?xml version="1.0" encoding="UTF-8"?>
<!-- Generated by org.testng.reporters.JUnitReportReporter -->
<testsuite hostname="kriti" failures="0" tests="1" name="joboffersDropdownmatchwithjobs" time="5.997" errors="0" timestamp="2022-10-02T13:12:26 IST" skipped="0">
  <testcase classname="joboffersDropdownmatchwithjobs" name="click" time="5.997"/>
  <system-out/>
</testsuite> <!-- joboffersDropdownmatchwithjobs -->
