<?xml version="1.0" encoding="UTF-8"?>
<!-- Generated by org.testng.reporters.JUnitReportReporter -->
<testsuite hostname="kriti" failures="0" tests="1" name="blogPagecheckboxes" time="6.769" errors="0" timestamp="2022-10-06T22:50:46 IST" skipped="0">
  <testcase classname="blogPagecheckboxes" name="checktextlinks" time="6.769"/>
  <system-out/>
</testsuite> <!-- blogPagecheckboxes -->
